LOGGING STARTED
.
.
.
TIMER SET TO 91,0 HZ
LOOKUP TABLES SET
RANDOM NUMBER GENERATOR SET
PALETTE LOADED
CONSOLE IMAGE LOADED
PANEL LOADED
MOUSE OK
MOUSE SPRITES LOADED
LOADING AUTOEXEC.CFG...
SET V_CONCOL 210
V_CONCOL SET TO 210
SET V_CONADDCOL 1
V_CONADDCOL SET TO 1
SET V_GAMECOL 24
V_GAMECOL SET TO 24
SET V_GAMEADDCOL 1
V_GAMEADDCOL SET TO 1
SET V_MOUSESPD 10
V_MOUSESPD SET TO 10
SET V_SCROLLSPD 3
V_SCROLLSPD SET TO 3
SET V_FADEFLAG 1
V_FADEFLAG SET TO 1
SET V_SHOWDEAD 1
V_SHOWDEAD SET TO 1
SET V_DUMPFORMAT 0 
V_DUMPFORMAT SET TO 0
SET V_MAPPOS 1
V_MAPPOS SET TO 1
SET V_MMAPCOL0 80
V_MMAPCOL0 SET TO 80
SET V_MMAPCOL1 30
V_MMAPCOL1 SET TO 30
SET V_SELCOL 50
V_SELCOL SET TO 50
SET V_FRAMECOL 28
V_FRAMECOL SET TO 28
SET V_MMAPRCOL 10
V_MMAPRCOL SET TO 10
SET V_MMAPRSPD 2
V_MMAPRSPD SET TO 2
SET V_MMAPRDIR 1
V_MMAPRDIR SET TO 1
SET V_ISCLOCK 1
V_ISCLOCK SET TO 1
BUILD
BUILD: MAR 20 2005 14:52:21
INTROMSG
BLOOD RED V.0.1 BY MAJUMA
TYPE 'CMDLIST' FOR COMMAND LIST
PRESS TYLDE TO ENTER GAME
MAP MAPXX.MAP
LOADING MAPXX.MAP...
MAP LOADED
CENTER
CURRENTMAP.MX = 1000
CURRENTMAP.MY = 1020
QUIT
FREEMAP
MAP FREED
CONSOLE IMAGE FREED
PANEL IMAGE FREED
MOUSE SPRITES FREED
TIMER RESTORED
